Network initizliation:
Training Number: 9816
Validation Number: 2456
res-ce-net
Loss function type: hinge
Starting epoch 1/250.
[0/250][0/1227] Loss_D: 2.1152 Loss_G: 1.5561
[0/250][100/1227] Loss_D: 3.7596 Loss_G: 1.1698
[0/250][200/1227] Loss_D: 3.5088 Loss_G: 0.7262
[0/250][300/1227] Loss_D: 3.1260 Loss_G: 0.6871
[0/250][400/1227] Loss_D: 3.1202 Loss_G: 1.0971
[0/250][500/1227] Loss_D: 2.7591 Loss_G: 0.4186
[0/250][600/1227] Loss_D: 2.5093 Loss_G: 0.9311
[0/250][700/1227] Loss_D: 2.8969 Loss_G: 0.5524
[0/250][800/1227] Loss_D: 2.8315 Loss_G: 0.7835
[0/250][900/1227] Loss_D: 1.9411 Loss_G: 1.0392
[0/250][1000/1227] Loss_D: 2.0261 Loss_G: 1.2748
[0/250][1100/1227] Loss_D: 1.9926 Loss_G: 0.9169
[0/250][1200/1227] Loss_D: 2.4072 Loss_G: 0.4805
Epoch finished ! D_Loss: 2.6773644361247255, G_Loss: 0.881642708398505
Validation MSE Loss: 1.363249671615027
Validation Adv Loss: -0.30379510161412115
Best Validation Loss improved!
Starting epoch 2/250.
[1/250][0/1227] Loss_D: 1.2563 Loss_G: 1.6027
[1/250][100/1227] Loss_D: 2.2224 Loss_G: 0.9492
[1/250][200/1227] Loss_D: 1.9000 Loss_G: 0.6791
[1/250][300/1227] Loss_D: 1.9834 Loss_G: 0.8947
[1/250][400/1227] Loss_D: 2.2969 Loss_G: 0.9715
[1/250][500/1227] Loss_D: 2.2429 Loss_G: 0.4952
[1/250][600/1227] Loss_D: 2.1339 Loss_G: 0.6270
[1/250][700/1227] Loss_D: 2.1601 Loss_G: 0.5876
[1/250][800/1227] Loss_D: 2.0616 Loss_G: 0.7908
[1/250][900/1227] Loss_D: 1.8806 Loss_G: 0.9689
[1/250][1000/1227] Loss_D: 1.9626 Loss_G: 1.1241
[1/250][1100/1227] Loss_D: 1.8726 Loss_G: 0.7789
[1/250][1200/1227] Loss_D: 1.9830 Loss_G: 0.5576
Epoch finished ! D_Loss: 2.050902562502835, G_Loss: 0.8121411743791684
Validation MSE Loss: 0.8734278611692727
Validation Adv Loss: 0.14272892685740993
Best Validation Loss improved!
Starting epoch 3/250.
[2/250][0/1227] Loss_D: 1.7170 Loss_G: 1.2212
[2/250][100/1227] Loss_D: 1.9713 Loss_G: 0.7286
[2/250][200/1227] Loss_D: 1.9263 Loss_G: 0.5716
[2/250][300/1227] Loss_D: 2.0467 Loss_G: 0.7058
[2/250][400/1227] Loss_D: 2.0302 Loss_G: 0.8077
[2/250][500/1227] Loss_D: 1.9311 Loss_G: 0.5075
[2/250][600/1227] Loss_D: 1.9820 Loss_G: 0.6600
[2/250][700/1227] Loss_D: 1.9754 Loss_G: 0.6732
[2/250][800/1227] Loss_D: 1.9999 Loss_G: 0.7945
[2/250][900/1227] Loss_D: 1.6308 Loss_G: 0.9107
[2/250][1000/1227] Loss_D: 1.8479 Loss_G: 1.1637
[2/250][1100/1227] Loss_D: 1.5405 Loss_G: 0.7200
[2/250][1200/1227] Loss_D: 1.8622 Loss_G: 0.5236
Epoch finished ! D_Loss: 1.8805581742219062, G_Loss: 0.7540272936261371
Validation MSE Loss: 0.8942630026075575
Validation Adv Loss: 0.4896544842840799
Starting epoch 4/250.
[3/250][0/1227] Loss_D: 1.5402 Loss_G: 1.0972
[3/250][100/1227] Loss_D: 1.9039 Loss_G: 0.7210
[3/250][200/1227] Loss_D: 1.8554 Loss_G: 0.6166
[3/250][300/1227] Loss_D: 2.0198 Loss_G: 0.6483
[3/250][400/1227] Loss_D: 1.9039 Loss_G: 0.7185
[3/250][500/1227] Loss_D: 1.8505 Loss_G: 0.5498
[3/250][600/1227] Loss_D: 2.0429 Loss_G: 0.6645
[3/250][700/1227] Loss_D: 1.9454 Loss_G: 0.5674
[3/250][800/1227] Loss_D: 1.9000 Loss_G: 0.7535
[3/250][900/1227] Loss_D: 1.7150 Loss_G: 1.0244
[3/250][1000/1227] Loss_D: 1.8650 Loss_G: 1.1584
[3/250][1100/1227] Loss_D: 1.5687 Loss_G: 0.6409
[3/250][1200/1227] Loss_D: 1.6442 Loss_G: 0.5544
Epoch finished ! D_Loss: 1.8388339290797662, G_Loss: 0.7278124008270037
Validation MSE Loss: 0.8503162965081097
Validation Adv Loss: 0.5357094676860796
Starting epoch 5/250.
[4/250][0/1227] Loss_D: 1.3930 Loss_G: 1.0331
[4/250][100/1227] Loss_D: 1.8515 Loss_G: 0.8193
[4/250][200/1227] Loss_D: 2.0033 Loss_G: 0.5206
[4/250][300/1227] Loss_D: 2.1110 Loss_G: 0.6391
[4/250][400/1227] Loss_D: 1.9308 Loss_G: 0.6808
[4/250][500/1227] Loss_D: 2.2027 Loss_G: 0.4991
[4/250][600/1227] Loss_D: 2.1402 Loss_G: 0.8633
[4/250][700/1227] Loss_D: 1.8590 Loss_G: 0.5769
[4/250][800/1227] Loss_D: 1.9834 Loss_G: 0.6667
[4/250][900/1227] Loss_D: 1.6419 Loss_G: 0.8150
[4/250][1000/1227] Loss_D: 1.9069 Loss_G: 1.0916
[4/250][1100/1227] Loss_D: 1.7814 Loss_G: 0.5359
[4/250][1200/1227] Loss_D: 1.7047 Loss_G: 0.5468
Epoch finished ! D_Loss: 1.8810453573279782, G_Loss: 0.6774516431364279
Validation MSE Loss: 0.6158008632901447
Validation Adv Loss: 0.48100001092245376
Starting epoch 6/250.
[5/250][0/1227] Loss_D: 1.2385 Loss_G: 0.8872
[5/250][100/1227] Loss_D: 1.8061 Loss_G: 0.6754
[5/250][200/1227] Loss_D: 1.8193 Loss_G: 0.4676
[5/250][300/1227] Loss_D: 2.0874 Loss_G: 0.7685
[5/250][400/1227] Loss_D: 1.9288 Loss_G: 0.6606
[5/250][500/1227] Loss_D: 2.0384 Loss_G: 0.4890
[5/250][600/1227] Loss_D: 2.1907 Loss_G: 0.6048
[5/250][700/1227] Loss_D: 1.8428 Loss_G: 0.5552
[5/250][800/1227] Loss_D: 1.8237 Loss_G: 0.6595
[5/250][900/1227] Loss_D: 1.7172 Loss_G: 0.8140
[5/250][1000/1227] Loss_D: 1.9714 Loss_G: 1.1813
[5/250][1100/1227] Loss_D: 1.9877 Loss_G: 0.5254
[5/250][1200/1227] Loss_D: 1.8018 Loss_G: 0.4932
Epoch finished ! D_Loss: 1.918274753736886, G_Loss: 0.6270980151232025
Validation MSE Loss: 0.6367355588020063
Validation Adv Loss: 0.43343924927019994
Starting epoch 7/250.
[6/250][0/1227] Loss_D: 1.4461 Loss_G: 0.8706
[6/250][100/1227] Loss_D: 1.9153 Loss_G: 0.5979
[6/250][200/1227] Loss_D: 2.0573 Loss_G: 0.4821
[6/250][300/1227] Loss_D: 2.0603 Loss_G: 0.6742
[6/250][400/1227] Loss_D: 1.8392 Loss_G: 0.6262
[6/250][500/1227] Loss_D: 1.8279 Loss_G: 0.4593
[6/250][600/1227] Loss_D: 1.9031 Loss_G: 0.5594
[6/250][700/1227] Loss_D: 1.8415 Loss_G: 0.5507
[6/250][800/1227] Loss_D: 1.7340 Loss_G: 0.7050
[6/250][900/1227] Loss_D: 1.8550 Loss_G: 0.8937
[6/250][1000/1227] Loss_D: 1.9324 Loss_G: 0.9114
[6/250][1100/1227] Loss_D: 1.8291 Loss_G: 0.5058
[6/250][1200/1227] Loss_D: 1.7192 Loss_G: 0.4741
Epoch finished ! D_Loss: 1.913438378064343, G_Loss: 0.5887600359944862
Validation MSE Loss: 0.6383471698348039
Validation Adv Loss: 0.5238000079685079
Starting epoch 8/250.
[7/250][0/1227] Loss_D: 1.5994 Loss_G: 0.6936
[7/250][100/1227] Loss_D: 1.9171 Loss_G: 0.5792
[7/250][200/1227] Loss_D: 1.8138 Loss_G: 0.4918
[7/250][300/1227] Loss_D: 2.2203 Loss_G: 0.6719
[7/250][400/1227] Loss_D: 1.7876 Loss_G: 0.5768
[7/250][500/1227] Loss_D: 2.0224 Loss_G: 0.4976
[7/250][600/1227] Loss_D: 2.0610 Loss_G: 0.6497
[7/250][700/1227] Loss_D: 1.8252 Loss_G: 0.5753
[7/250][800/1227] Loss_D: 1.7578 Loss_G: 0.7643
[7/250][900/1227] Loss_D: 1.6956 Loss_G: 0.8992
[7/250][1000/1227] Loss_D: 2.0544 Loss_G: 0.9783
[7/250][1100/1227] Loss_D: 1.8382 Loss_G: 0.4396
[7/250][1200/1227] Loss_D: 1.8475 Loss_G: 0.4420
Epoch finished ! D_Loss: 1.9283262689422571, G_Loss: 0.5763523407529405
Validation MSE Loss: 0.612383813445085
Validation Adv Loss: 0.10346245051672061
Best Validation Loss improved!
Starting epoch 9/250.
[8/250][0/1227] Loss_D: 1.5638 Loss_G: 0.7323
[8/250][100/1227] Loss_D: 1.9335 Loss_G: 0.5682
[8/250][200/1227] Loss_D: 1.8978 Loss_G: 0.4708
[8/250][300/1227] Loss_D: 2.0919 Loss_G: 0.4875
[8/250][400/1227] Loss_D: 1.8593 Loss_G: 0.6012
[8/250][500/1227] Loss_D: 1.7402 Loss_G: 0.5114
[8/250][600/1227] Loss_D: 1.9004 Loss_G: 0.5351
[8/250][700/1227] Loss_D: 1.9122 Loss_G: 0.5171
[8/250][800/1227] Loss_D: 1.8208 Loss_G: 0.6657
[8/250][900/1227] Loss_D: 1.9389 Loss_G: 0.6302
[8/250][1000/1227] Loss_D: 1.9874 Loss_G: 1.0130
[8/250][1100/1227] Loss_D: 1.8610 Loss_G: 0.5113
[8/250][1200/1227] Loss_D: 1.8848 Loss_G: 0.3764
Epoch finished ! D_Loss: 1.9237641118460782, G_Loss: 0.5638109783185821
Validation MSE Loss: 0.6284884832848131
Validation Adv Loss: 0.25331128269032227
Starting epoch 10/250.
[9/250][0/1227] Loss_D: 1.7150 Loss_G: 0.6557
[9/250][100/1227] Loss_D: 1.8708 Loss_G: 0.6328
[9/250][200/1227] Loss_D: 1.8783 Loss_G: 0.5059
[9/250][300/1227] Loss_D: 2.2993 Loss_G: 0.5316
[9/250][400/1227] Loss_D: 1.8726 Loss_G: 0.6201
[9/250][500/1227] Loss_D: 2.0401 Loss_G: 0.4296
[9/250][600/1227] Loss_D: 1.9383 Loss_G: 0.5069
[9/250][700/1227] Loss_D: 1.8753 Loss_G: 0.5240
[9/250][800/1227] Loss_D: 1.7930 Loss_G: 0.6485
[9/250][900/1227] Loss_D: 1.7827 Loss_G: 0.6655
[9/250][1000/1227] Loss_D: 1.9515 Loss_G: 0.8820
[9/250][1100/1227] Loss_D: 1.8548 Loss_G: 0.4889
[9/250][1200/1227] Loss_D: 1.9405 Loss_G: 0.4481
Epoch finished ! D_Loss: 1.9322520866565036, G_Loss: 0.5537591017570161
Validation MSE Loss: 0.6442850705455331
Validation Adv Loss: 0.09182821611685106
Starting epoch 11/250.
[10/250][0/1227] Loss_D: 1.6571 Loss_G: 0.7783
[10/250][100/1227] Loss_D: 1.8822 Loss_G: 0.6331
[10/250][200/1227] Loss_D: 2.0723 Loss_G: 0.3864
[10/250][300/1227] Loss_D: 2.2829 Loss_G: 0.5171
[10/250][400/1227] Loss_D: 1.8653 Loss_G: 0.5220
[10/250][500/1227] Loss_D: 2.0373 Loss_G: 0.4447
[10/250][600/1227] Loss_D: 2.0933 Loss_G: 0.4895
[10/250][700/1227] Loss_D: 1.8473 Loss_G: 0.5278
[10/250][800/1227] Loss_D: 1.8949 Loss_G: 0.6755
[10/250][900/1227] Loss_D: 1.7758 Loss_G: 0.7358
[10/250][1000/1227] Loss_D: 1.8819 Loss_G: 0.8385
[10/250][1100/1227] Loss_D: 1.9027 Loss_G: 0.4724
[10/250][1200/1227] Loss_D: 1.8830 Loss_G: 0.4811
Epoch finished ! D_Loss: 1.933240942189435, G_Loss: 0.5401130970309397
Validation MSE Loss: 0.6356306823055728
Validation Adv Loss: 0.09099466144259459
Starting epoch 12/250.
[11/250][0/1227] Loss_D: 1.5793 Loss_G: 0.6580
[11/250][100/1227] Loss_D: 1.7172 Loss_G: 0.5980
[11/250][200/1227] Loss_D: 2.0380 Loss_G: 0.4063
[11/250][300/1227] Loss_D: 2.1575 Loss_G: 0.4197
[11/250][400/1227] Loss_D: 1.9736 Loss_G: 0.6064
[11/250][500/1227] Loss_D: 1.9130 Loss_G: 0.4228
[11/250][600/1227] Loss_D: 1.8834 Loss_G: 0.5067
[11/250][700/1227] Loss_D: 1.9334 Loss_G: 0.4519
[11/250][800/1227] Loss_D: 2.0508 Loss_G: 0.6782
[11/250][900/1227] Loss_D: 1.8873 Loss_G: 0.5946
[11/250][1000/1227] Loss_D: 1.8316 Loss_G: 1.0122
[11/250][1100/1227] Loss_D: 2.1226 Loss_G: 0.4705
[11/250][1200/1227] Loss_D: 1.8314 Loss_G: 0.5117
Epoch finished ! D_Loss: 1.9385957391454423, G_Loss: 0.5376704987244774
Validation MSE Loss: 0.6323579040422939
Validation Adv Loss: 0.11573315501818737
Starting epoch 13/250.
[12/250][0/1227] Loss_D: 1.7389 Loss_G: 0.7213
[12/250][100/1227] Loss_D: 1.6912 Loss_G: 0.6496
[12/250][200/1227] Loss_D: 2.0173 Loss_G: 0.4206
[12/250][300/1227] Loss_D: 2.1828 Loss_G: 0.4582
[12/250][400/1227] Loss_D: 1.9651 Loss_G: 0.5487
[12/250][500/1227] Loss_D: 2.0701 Loss_G: 0.3714
[12/250][600/1227] Loss_D: 2.0712 Loss_G: 0.4821
[12/250][700/1227] Loss_D: 1.8225 Loss_G: 0.4878
[12/250][800/1227] Loss_D: 2.0713 Loss_G: 0.6500
[12/250][900/1227] Loss_D: 1.7974 Loss_G: 0.6002
[12/250][1000/1227] Loss_D: 1.8067 Loss_G: 0.9033
[12/250][1100/1227] Loss_D: 1.9856 Loss_G: 0.4539
[12/250][1200/1227] Loss_D: 1.9018 Loss_G: 0.4130
Epoch finished ! D_Loss: 1.9475947536874225, G_Loss: 0.5371778131551439
Validation MSE Loss: 0.6640027217031305
Validation Adv Loss: 0.20650515439950562
Starting epoch 14/250.
[13/250][0/1227] Loss_D: 1.7695 Loss_G: 0.5463
[13/250][100/1227] Loss_D: 1.8463 Loss_G: 0.5516
[13/250][200/1227] Loss_D: 1.9626 Loss_G: 0.5211
[13/250][300/1227] Loss_D: 2.2873 Loss_G: 0.4353
[13/250][400/1227] Loss_D: 1.9925 Loss_G: 0.5930
[13/250][500/1227] Loss_D: 1.7678 Loss_G: 0.4443
[13/250][600/1227] Loss_D: 2.0133 Loss_G: 0.4950
[13/250][700/1227] Loss_D: 1.8468 Loss_G: 0.5006
[13/250][800/1227] Loss_D: 2.0659 Loss_G: 0.6395
[13/250][900/1227] Loss_D: 1.6920 Loss_G: 0.7773
[13/250][1000/1227] Loss_D: 1.8490 Loss_G: 1.1201
[13/250][1100/1227] Loss_D: 1.9508 Loss_G: 0.4708
[13/250][1200/1227] Loss_D: 1.9504 Loss_G: 0.4571
Epoch finished ! D_Loss: 1.9452344621209081, G_Loss: 0.5362295323061379
Validation MSE Loss: 0.6550122926048204
Validation Adv Loss: 0.2363738061470631
Starting epoch 15/250.
[14/250][0/1227] Loss_D: 1.9454 Loss_G: 0.7701
[14/250][100/1227] Loss_D: 1.8126 Loss_G: 0.5994
[14/250][200/1227] Loss_D: 1.9522 Loss_G: 0.3435
[14/250][300/1227] Loss_D: 2.1445 Loss_G: 0.4601
[14/250][400/1227] Loss_D: 2.0014 Loss_G: 0.5655
[14/250][500/1227] Loss_D: 1.9294 Loss_G: 0.4267
[14/250][600/1227] Loss_D: 1.9610 Loss_G: 0.4624
[14/250][700/1227] Loss_D: 1.8708 Loss_G: 0.5235
[14/250][800/1227] Loss_D: 1.9681 Loss_G: 0.6240
[14/250][900/1227] Loss_D: 1.7571 Loss_G: 0.6877
[14/250][1000/1227] Loss_D: 1.6331 Loss_G: 0.8399
[14/250][1100/1227] Loss_D: 1.9588 Loss_G: 0.4226
[14/250][1200/1227] Loss_D: 1.9361 Loss_G: 0.4362
Epoch finished ! D_Loss: 1.94814052101841, G_Loss: 0.5237282311153684
Validation MSE Loss: 0.6006530734643437
Validation Adv Loss: 0.3632540603357008
Starting epoch 16/250.
[15/250][0/1227] Loss_D: 1.6518 Loss_G: 0.7080
[15/250][100/1227] Loss_D: 1.6910 Loss_G: 0.6458
[15/250][200/1227] Loss_D: 2.1356 Loss_G: 0.4725
[15/250][300/1227] Loss_D: 2.3851 Loss_G: 0.5049
[15/250][400/1227] Loss_D: 1.9359 Loss_G: 0.5433
[15/250][500/1227] Loss_D: 1.8347 Loss_G: 0.4342
[15/250][600/1227] Loss_D: 1.9495 Loss_G: 0.4911
[15/250][700/1227] Loss_D: 1.9958 Loss_G: 0.4640
[15/250][800/1227] Loss_D: 1.9846 Loss_G: 0.5998
[15/250][900/1227] Loss_D: 1.7638 Loss_G: 0.5467
[15/250][1000/1227] Loss_D: 1.8143 Loss_G: 0.8738
[15/250][1100/1227] Loss_D: 1.9343 Loss_G: 0.5109
[15/250][1200/1227] Loss_D: 1.9497 Loss_G: 0.2880
Epoch finished ! D_Loss: 1.9518701421991052, G_Loss: 0.5171743524978096
Validation MSE Loss: 0.6499233855531107
Validation Adv Loss: 0.22791114020970912
Starting epoch 17/250.
[16/250][0/1227] Loss_D: 1.7197 Loss_G: 0.6239
[16/250][100/1227] Loss_D: 1.8521 Loss_G: 0.5808
[16/250][200/1227] Loss_D: 2.1212 Loss_G: 0.4621
[16/250][300/1227] Loss_D: 2.1657 Loss_G: 0.5055
[16/250][400/1227] Loss_D: 1.8655 Loss_G: 0.5266
[16/250][500/1227] Loss_D: 1.9771 Loss_G: 0.3912
[16/250][600/1227] Loss_D: 2.0209 Loss_G: 0.5892
[16/250][700/1227] Loss_D: 1.9294 Loss_G: 0.4741
[16/250][800/1227] Loss_D: 1.9873 Loss_G: 0.6384
[16/250][900/1227] Loss_D: 1.7904 Loss_G: 0.6388
[16/250][1000/1227] Loss_D: 2.0330 Loss_G: 0.9651
[16/250][1100/1227] Loss_D: 2.0325 Loss_G: 0.4288
[16/250][1200/1227] Loss_D: 1.8305 Loss_G: 0.3716
Epoch finished ! D_Loss: 1.9511494350899694, G_Loss: 0.5164410747654475
Validation MSE Loss: 0.6330971689590441
Validation Adv Loss: 0.24362159582780174
Starting epoch 18/250.
[17/250][0/1227] Loss_D: 1.7999 Loss_G: 0.7466
[17/250][100/1227] Loss_D: 1.8215 Loss_G: 0.5699
[17/250][200/1227] Loss_D: 2.0619 Loss_G: 0.4709
[17/250][300/1227] Loss_D: 2.2126 Loss_G: 0.4661
[17/250][400/1227] Loss_D: 1.9315 Loss_G: 0.5918
[17/250][500/1227] Loss_D: 1.9554 Loss_G: 0.3836
[17/250][600/1227] Loss_D: 1.8191 Loss_G: 0.4709
[17/250][700/1227] Loss_D: 1.8108 Loss_G: 0.4808
[17/250][800/1227] Loss_D: 2.0309 Loss_G: 0.5599
[17/250][900/1227] Loss_D: 1.8377 Loss_G: 0.6918
[17/250][1000/1227] Loss_D: 2.0953 Loss_G: 1.0497
[17/250][1100/1227] Loss_D: 1.9847 Loss_G: 0.4515
[17/250][1200/1227] Loss_D: 1.9843 Loss_G: 0.4159
Epoch finished ! D_Loss: 1.9523322752266272, G_Loss: 0.5132634325989787
Validation MSE Loss: 0.6342840419680464
Validation Adv Loss: 0.25757124171488816
Starting epoch 19/250.
[18/250][0/1227] Loss_D: 1.6919 Loss_G: 0.6517
[18/250][100/1227] Loss_D: 1.7157 Loss_G: 0.7605
[18/250][200/1227] Loss_D: 1.9675 Loss_G: 0.4924
[18/250][300/1227] Loss_D: 2.1292 Loss_G: 0.5150
[18/250][400/1227] Loss_D: 1.8491 Loss_G: 0.5368
[18/250][500/1227] Loss_D: 1.8720 Loss_G: 0.4190
[18/250][600/1227] Loss_D: 1.9580 Loss_G: 0.4892
[18/250][700/1227] Loss_D: 1.8709 Loss_G: 0.5222
[18/250][800/1227] Loss_D: 1.9780 Loss_G: 0.7200
[18/250][900/1227] Loss_D: 1.7740 Loss_G: 0.7083
[18/250][1000/1227] Loss_D: 1.8668 Loss_G: 1.0793
[18/250][1100/1227] Loss_D: 1.9506 Loss_G: 0.4291
[18/250][1200/1227] Loss_D: 1.9758 Loss_G: 0.3193
Epoch finished ! D_Loss: 1.958167318998553, G_Loss: 0.527980662973411
Validation MSE Loss: 0.6170845736865125
Validation Adv Loss: 0.4514006101708932
Starting epoch 20/250.
[19/250][0/1227] Loss_D: 1.7815 Loss_G: 0.5672
[19/250][100/1227] Loss_D: 2.0152 Loss_G: 0.5972
[19/250][200/1227] Loss_D: 2.1557 Loss_G: 0.3996
[19/250][300/1227] Loss_D: 2.1125 Loss_G: 0.3860
[19/250][400/1227] Loss_D: 1.8054 Loss_G: 0.5407
[19/250][500/1227] Loss_D: 1.9398 Loss_G: 0.4614
[19/250][600/1227] Loss_D: 2.0954 Loss_G: 0.4918
[19/250][700/1227] Loss_D: 1.8518 Loss_G: 0.5077
[19/250][800/1227] Loss_D: 2.0443 Loss_G: 0.6799
[19/250][900/1227] Loss_D: 1.8562 Loss_G: 0.5717
[19/250][1000/1227] Loss_D: 1.9290 Loss_G: 0.8754
[19/250][1100/1227] Loss_D: 2.0619 Loss_G: 0.3590
[19/250][1200/1227] Loss_D: 1.9063 Loss_G: 0.3270
Epoch finished ! D_Loss: 1.9565236881290302, G_Loss: 0.5131362398635496
Validation MSE Loss: 0.6440468807430828
Validation Adv Loss: 0.27989548556750116
Starting epoch 21/250.
[20/250][0/1227] Loss_D: 1.6373 Loss_G: 0.4028
[20/250][100/1227] Loss_D: 1.8536 Loss_G: 0.5873
[20/250][200/1227] Loss_D: 1.9296 Loss_G: 0.4436
[20/250][300/1227] Loss_D: 2.2686 Loss_G: 0.5091
[20/250][400/1227] Loss_D: 1.9614 Loss_G: 0.5567
[20/250][500/1227] Loss_D: 1.9853 Loss_G: 0.3681
[20/250][600/1227] Loss_D: 1.9043 Loss_G: 0.4982
[20/250][700/1227] Loss_D: 1.8295 Loss_G: 0.4998
[20/250][800/1227] Loss_D: 1.8987 Loss_G: 0.6899
[20/250][900/1227] Loss_D: 1.8137 Loss_G: 0.6861
[20/250][1000/1227] Loss_D: 2.0070 Loss_G: 0.8931
[20/250][1100/1227] Loss_D: 2.0209 Loss_G: 0.4637
[20/250][1200/1227] Loss_D: 2.0092 Loss_G: 0.4179
Epoch finished ! D_Loss: 1.9589059931919064, G_Loss: 0.5034292316111298
Validation MSE Loss: 0.5912251221198662
Validation Adv Loss: 0.08547217399186266
Best Validation Loss improved!
Starting epoch 22/250.
[21/250][0/1227] Loss_D: 1.7302 Loss_G: 0.7301
[21/250][100/1227] Loss_D: 1.9003 Loss_G: 0.5787
[21/250][200/1227] Loss_D: 2.2401 Loss_G: 0.5247
[21/250][300/1227] Loss_D: 2.2894 Loss_G: 0.4090
[21/250][400/1227] Loss_D: 2.0909 Loss_G: 0.5896
[21/250][500/1227] Loss_D: 1.8302 Loss_G: 0.3706
[21/250][600/1227] Loss_D: 1.9040 Loss_G: 0.4877
[21/250][700/1227] Loss_D: 1.9508 Loss_G: 0.4961
[21/250][800/1227] Loss_D: 2.1570 Loss_G: 0.5541
[21/250][900/1227] Loss_D: 1.9511 Loss_G: 0.6432
[21/250][1000/1227] Loss_D: 1.8927 Loss_G: 0.8897
[21/250][1100/1227] Loss_D: 1.9343 Loss_G: 0.4822
[21/250][1200/1227] Loss_D: 1.9114 Loss_G: 0.3951
Epoch finished ! D_Loss: 1.9562269797049214, G_Loss: 0.5024307205750871
Validation MSE Loss: 0.6192359654537214
Validation Adv Loss: 0.12105826975388173
Starting epoch 23/250.
[22/250][0/1227] Loss_D: 1.9506 Loss_G: 0.5488
[22/250][100/1227] Loss_D: 1.8803 Loss_G: 0.5803
[22/250][200/1227] Loss_D: 2.2054 Loss_G: 0.4464
[22/250][300/1227] Loss_D: 2.2121 Loss_G: 0.4357
[22/250][400/1227] Loss_D: 1.9200 Loss_G: 0.5424
[22/250][500/1227] Loss_D: 1.9303 Loss_G: 0.4000
[22/250][600/1227] Loss_D: 1.9851 Loss_G: 0.4755
[22/250][700/1227] Loss_D: 2.0182 Loss_G: 0.5077
[22/250][800/1227] Loss_D: 1.9719 Loss_G: 0.6732
[22/250][900/1227] Loss_D: 1.9797 Loss_G: 0.5629
[22/250][1000/1227] Loss_D: 1.9160 Loss_G: 0.7276
[22/250][1100/1227] Loss_D: 1.9163 Loss_G: 0.4389
[22/250][1200/1227] Loss_D: 2.0175 Loss_G: 0.4263
Epoch finished ! D_Loss: 1.9586773619189337, G_Loss: 0.5001369096709153
Validation MSE Loss: 0.6344845659203
Validation Adv Loss: 0.24682935611253567
Starting epoch 24/250.
[23/250][0/1227] Loss_D: 1.6433 Loss_G: 0.6321
[23/250][100/1227] Loss_D: 1.8176 Loss_G: 0.5900
[23/250][200/1227] Loss_D: 2.1284 Loss_G: 0.3605
[23/250][300/1227] Loss_D: 2.2953 Loss_G: 0.3920
[23/250][400/1227] Loss_D: 1.9004 Loss_G: 0.5365
[23/250][500/1227] Loss_D: 1.9614 Loss_G: 0.3458
[23/250][600/1227] Loss_D: 1.9393 Loss_G: 0.4878
[23/250][700/1227] Loss_D: 2.0898 Loss_G: 0.4699
[23/250][800/1227] Loss_D: 1.8891 Loss_G: 0.5880
[23/250][900/1227] Loss_D: 1.6748 Loss_G: 0.8074
[23/250][1000/1227] Loss_D: 1.8706 Loss_G: 0.8553
[23/250][1100/1227] Loss_D: 1.9842 Loss_G: 0.4490
[23/250][1200/1227] Loss_D: 1.9608 Loss_G: 0.3606
Epoch finished ! D_Loss: 1.9616799525546174, G_Loss: 0.5028566870209932
Validation MSE Loss: 0.628549255479395
Validation Adv Loss: 0.1734548386466367
Starting epoch 25/250.
[24/250][0/1227] Loss_D: 1.7314 Loss_G: 0.6157
[24/250][100/1227] Loss_D: 1.7643 Loss_G: 0.5981
[24/250][200/1227] Loss_D: 2.1586 Loss_G: 0.4850
[24/250][300/1227] Loss_D: 2.2015 Loss_G: 0.3930
[24/250][400/1227] Loss_D: 1.8954 Loss_G: 0.5669
[24/250][500/1227] Loss_D: 1.9677 Loss_G: 0.3850
[24/250][600/1227] Loss_D: 1.9112 Loss_G: 0.4928
[24/250][700/1227] Loss_D: 2.0762 Loss_G: 0.4427
[24/250][800/1227] Loss_D: 2.0544 Loss_G: 0.6227
[24/250][900/1227] Loss_D: 1.8871 Loss_G: 0.6451
[24/250][1000/1227] Loss_D: 1.8003 Loss_G: 0.8454
[24/250][1100/1227] Loss_D: 1.9572 Loss_G: 0.4747
[24/250][1200/1227] Loss_D: 2.0334 Loss_G: 0.2423
Epoch finished ! D_Loss: 1.9643981463557447, G_Loss: 0.4932052210495544
Validation MSE Loss: 0.6260263178667991
Validation Adv Loss: 0.3072086095846459
Starting epoch 26/250.
[25/250][0/1227] Loss_D: 1.7558 Loss_G: 0.3987
[25/250][100/1227] Loss_D: 2.0974 Loss_G: 0.5513
[25/250][200/1227] Loss_D: 2.0598 Loss_G: 0.4423
[25/250][300/1227] Loss_D: 2.1499 Loss_G: 0.4726
[25/250][400/1227] Loss_D: 1.9069 Loss_G: 0.5214
[25/250][500/1227] Loss_D: 1.9759 Loss_G: 0.3466
[25/250][600/1227] Loss_D: 1.8835 Loss_G: 0.4642
[25/250][700/1227] Loss_D: 2.0278 Loss_G: 0.4829
[25/250][800/1227] Loss_D: 1.9408 Loss_G: 0.6858
[25/250][900/1227] Loss_D: 1.8800 Loss_G: 0.5719
[25/250][1000/1227] Loss_D: 2.1037 Loss_G: 0.7957
[25/250][1100/1227] Loss_D: 1.9805 Loss_G: 0.4873
[25/250][1200/1227] Loss_D: 2.0523 Loss_G: 0.3961
Epoch finished ! D_Loss: 1.9665401437560426, G_Loss: 0.4958726887962346
Validation MSE Loss: 0.6209202487679089
Validation Adv Loss: 0.009443511376826981
Best Validation Loss improved!
Starting epoch 27/250.
[26/250][0/1227] Loss_D: 1.8560 Loss_G: 0.6428
[26/250][100/1227] Loss_D: 1.7922 Loss_G: 0.6209
[26/250][200/1227] Loss_D: 1.9742 Loss_G: 0.4237
[26/250][300/1227] Loss_D: 2.3589 Loss_G: 0.3690
[26/250][400/1227] Loss_D: 1.9503 Loss_G: 0.5120
[26/250][500/1227] Loss_D: 2.0272 Loss_G: 0.3640
[26/250][600/1227] Loss_D: 1.8128 Loss_G: 0.4663
[26/250][700/1227] Loss_D: 1.8355 Loss_G: 0.5198
[26/250][800/1227] Loss_D: 2.0123 Loss_G: 0.6979
[26/250][900/1227] Loss_D: 1.7589 Loss_G: 0.6669
[26/250][1000/1227] Loss_D: 1.9653 Loss_G: 0.9032
[26/250][1100/1227] Loss_D: 1.9097 Loss_G: 0.4632
[26/250][1200/1227] Loss_D: 1.8888 Loss_G: 0.4741
Epoch finished ! D_Loss: 1.9608398935322657, G_Loss: 0.49736277504043064
Validation MSE Loss: 0.6075340805490033
Validation Adv Loss: 0.21445263061502012
Starting epoch 28/250.
[27/250][0/1227] Loss_D: 1.8681 Loss_G: 0.5139
[27/250][100/1227] Loss_D: 2.0061 Loss_G: 0.5571
[27/250][200/1227] Loss_D: 2.1623 Loss_G: 0.3696
[27/250][300/1227] Loss_D: 2.3116 Loss_G: 0.4218
[27/250][400/1227] Loss_D: 1.8934 Loss_G: 0.5136
[27/250][500/1227] Loss_D: 1.8425 Loss_G: 0.3871
[27/250][600/1227] Loss_D: 1.9198 Loss_G: 0.4114
[27/250][700/1227] Loss_D: 1.9968 Loss_G: 0.4588
[27/250][800/1227] Loss_D: 1.9486 Loss_G: 0.6282
[27/250][900/1227] Loss_D: 1.8347 Loss_G: 0.5431
[27/250][1000/1227] Loss_D: 1.7409 Loss_G: 0.7856
[27/250][1100/1227] Loss_D: 1.9576 Loss_G: 0.4245
[27/250][1200/1227] Loss_D: 1.8620 Loss_G: 0.4436
Epoch finished ! D_Loss: 1.9659825960795085, G_Loss: 0.4873996356831592
Validation MSE Loss: 0.6259460183335286
Validation Adv Loss: 0.0006566122113392244
Best Validation Loss improved!
Starting epoch 29/250.
[28/250][0/1227] Loss_D: 1.8803 Loss_G: 0.5643
[28/250][100/1227] Loss_D: 1.8572 Loss_G: 0.5618
[28/250][200/1227] Loss_D: 1.9237 Loss_G: 0.3348
[28/250][300/1227] Loss_D: 2.3027 Loss_G: 0.4490
[28/250][400/1227] Loss_D: 1.9001 Loss_G: 0.5315
[28/250][500/1227] Loss_D: 1.8154 Loss_G: 0.5041
[28/250][600/1227] Loss_D: 2.0384 Loss_G: 0.4654
[28/250][700/1227] Loss_D: 1.9700 Loss_G: 0.4603
[28/250][800/1227] Loss_D: 2.0644 Loss_G: 0.6959
[28/250][900/1227] Loss_D: 1.8059 Loss_G: 0.5649
[28/250][1000/1227] Loss_D: 1.8894 Loss_G: 0.8883
[28/250][1100/1227] Loss_D: 1.9910 Loss_G: 0.4453
[28/250][1200/1227] Loss_D: 1.9359 Loss_G: 0.3939
Epoch finished ! D_Loss: 1.971631406766181, G_Loss: 0.49271778518238396
Validation MSE Loss: 0.6090921285300473
Validation Adv Loss: 0.35705421091623457
Starting epoch 30/250.
[29/250][0/1227] Loss_D: 1.8286 Loss_G: 0.4026
[29/250][100/1227] Loss_D: 1.9907 Loss_G: 0.5689
[29/250][200/1227] Loss_D: 2.0291 Loss_G: 0.3670
[29/250][300/1227] Loss_D: 2.2176 Loss_G: 0.4657
[29/250][400/1227] Loss_D: 1.9172 Loss_G: 0.4669
[29/250][500/1227] Loss_D: 1.9953 Loss_G: 0.3818
[29/250][600/1227] Loss_D: 1.8296 Loss_G: 0.5267
[29/250][700/1227] Loss_D: 2.0230 Loss_G: 0.4714
[29/250][800/1227] Loss_D: 2.0676 Loss_G: 0.6244
[29/250][900/1227] Loss_D: 1.8271 Loss_G: 0.6478
[29/250][1000/1227] Loss_D: 1.8684 Loss_G: 1.0190
[29/250][1100/1227] Loss_D: 1.9592 Loss_G: 0.4539
[29/250][1200/1227] Loss_D: 1.9080 Loss_G: 0.3333
Epoch finished ! D_Loss: 1.9702441526217098, G_Loss: 0.49102452500573773
Validation MSE Loss: 0.5969579369803659
Validation Adv Loss: 0.2349447158402672
Starting epoch 31/250.
[30/250][0/1227] Loss_D: 1.9273 Loss_G: 0.4224
[30/250][100/1227] Loss_D: 1.9815 Loss_G: 0.5755
[30/250][200/1227] Loss_D: 2.0112 Loss_G: 0.4062
[30/250][300/1227] Loss_D: 2.2533 Loss_G: 0.4221
[30/250][400/1227] Loss_D: 1.9620 Loss_G: 0.5099
[30/250][500/1227] Loss_D: 1.6404 Loss_G: 0.4857
[30/250][600/1227] Loss_D: 2.0243 Loss_G: 0.4012
[30/250][700/1227] Loss_D: 1.9196 Loss_G: 0.4607
[30/250][800/1227] Loss_D: 2.0419 Loss_G: 0.6282
[30/250][900/1227] Loss_D: 1.8455 Loss_G: 0.7313
[30/250][1000/1227] Loss_D: 1.8442 Loss_G: 0.7933
[30/250][1100/1227] Loss_D: 1.9907 Loss_G: 0.5324
[30/250][1200/1227] Loss_D: 1.9883 Loss_G: 0.2683
Epoch finished ! D_Loss: 1.9655101822951797, G_Loss: 0.4851802521686585
Validation MSE Loss: 0.6359680657293282
Validation Adv Loss: 0.4752861684054331
Starting epoch 32/250.
[31/250][0/1227] Loss_D: 2.0064 Loss_G: 0.5751
[31/250][100/1227] Loss_D: 1.8574 Loss_G: 0.5771
[31/250][200/1227] Loss_D: 2.1213 Loss_G: 0.3881
[31/250][300/1227] Loss_D: 2.2961 Loss_G: 0.3693
[31/250][400/1227] Loss_D: 2.0105 Loss_G: 0.5060
[31/250][500/1227] Loss_D: 1.9174 Loss_G: 0.3307
[31/250][600/1227] Loss_D: 2.0148 Loss_G: 0.4303
[31/250][700/1227] Loss_D: 1.9089 Loss_G: 0.4318
[31/250][800/1227] Loss_D: 2.0713 Loss_G: 0.6882
[31/250][900/1227] Loss_D: 1.9189 Loss_G: 0.6975
[31/250][1000/1227] Loss_D: 1.7477 Loss_G: 0.8073
[31/250][1100/1227] Loss_D: 2.0480 Loss_G: 0.4515
[31/250][1200/1227] Loss_D: 1.9208 Loss_G: 0.3797
Epoch finished ! D_Loss: 1.9675695320990578, G_Loss: 0.47799260440087454
Validation MSE Loss: 0.626107920034259
Validation Adv Loss: 0.4808310648682071
Starting epoch 33/250.
[32/250][0/1227] Loss_D: 1.7912 Loss_G: 0.4984
[32/250][100/1227] Loss_D: 1.9563 Loss_G: 0.5942
[32/250][200/1227] Loss_D: 2.0766 Loss_G: 0.3929
[32/250][300/1227] Loss_D: 2.2543 Loss_G: 0.4196
[32/250][400/1227] Loss_D: 1.9560 Loss_G: 0.5594
[32/250][500/1227] Loss_D: 1.8374 Loss_G: 0.4204
[32/250][600/1227] Loss_D: 1.9655 Loss_G: 0.4464
[32/250][700/1227] Loss_D: 1.8103 Loss_G: 0.4999
[32/250][800/1227] Loss_D: 2.0390 Loss_G: 0.5955
[32/250][900/1227] Loss_D: 1.9182 Loss_G: 0.6646
[32/250][1000/1227] Loss_D: 1.9843 Loss_G: 0.6461
[32/250][1100/1227] Loss_D: 2.0049 Loss_G: 0.4296
[32/250][1200/1227] Loss_D: 1.8916 Loss_G: 0.4014
Epoch finished ! D_Loss: 1.972188531138009, G_Loss: 0.47493157705812794
Validation MSE Loss: 0.6330428375722537
Validation Adv Loss: 0.06848314808517256
Starting epoch 34/250.
